<?xml version="1.0" encoding="UTF-8"?>
<!-- Generated by org.testng.reporters.JUnitReportReporter -->
<testsuite hostname="ASCSBCWTL016" name="com.qa.test.GetAPITest" tests="2" failures="0" timestamp="22 Oct 2019 14:03:21 GMT" time="1.062" errors="0">
  <testcase name="getTest" time="0.936" classname="com.qa.test.GetAPITest"/>
  <testcase name="getApiWithHeaders" time="0.126" classname="com.qa.test.GetAPITest"/>
</testsuite> <!-- com.qa.test.GetAPITest -->
