<?xml version="1.0" encoding="UTF-8"?>
<!-- Generated by org.testng.reporters.JUnitReportReporter -->
<testsuite hostname="NTB-11887" name="com.qa.test.GetAPITest" tests="1" failures="0" timestamp="20 Oct 2019 18:26:32 GMT" time="1.148" errors="0">
  <testcase name="getTest" time="1.148" classname="com.qa.test.GetAPITest"/>
</testsuite> <!-- com.qa.test.GetAPITest -->
